\BOOKMARK [1][-]{section.1}{Introduction}{}% 1
\BOOKMARK [2][-]{subsection.1.1}{Why Neo}{section.1}% 2
\BOOKMARK [3][-]{subsubsection.1.1.1}{Blockchain Performance}{subsection.1.1}% 3
\BOOKMARK [3][-]{subsubsection.1.1.2}{NEO Generates GAS}{subsection.1.1}% 4
\BOOKMARK [3][-]{subsubsection.1.1.3}{Language Accessibility}{subsection.1.1}% 5
\BOOKMARK [2][-]{subsection.1.2}{Why Sports Betting}{section.1}% 6
\BOOKMARK [3][-]{subsubsection.1.2.1}{Use Case}{subsection.1.2}% 7
\BOOKMARK [3][-]{subsubsection.1.2.2}{Existing Market}{subsection.1.2}% 8
\BOOKMARK [3][-]{subsubsection.1.2.3}{Competition}{subsection.1.2}% 9
\BOOKMARK [1][-]{section.2}{Background}{}% 10
\BOOKMARK [2][-]{subsection.2.1}{Sports Betting Exchange}{section.2}% 11
\BOOKMARK [3][-]{subsubsection.2.1.1}{Backing and Laying}{subsection.2.1}% 12
\BOOKMARK [3][-]{subsubsection.2.1.2}{Betting Exchange vs Bookmaker}{subsection.2.1}% 13
\BOOKMARK [3][-]{subsubsection.2.1.3}{Centralized vs Decentralized Betting Platforms}{subsection.2.1}% 14
\BOOKMARK [2][-]{subsection.2.2}{Achieving Decentralization}{section.2}% 15
\BOOKMARK [1][-]{section.3}{Platform Overview}{}% 16
\BOOKMARK [2][-]{subsection.3.1}{Anonymity}{section.3}% 17
\BOOKMARK [2][-]{subsection.3.2}{Oracle Network}{section.3}% 18
\BOOKMARK [2][-]{subsection.3.3}{Exchange API}{section.3}% 19
\BOOKMARK [2][-]{subsection.3.4}{User Experience}{section.3}% 20
\BOOKMARK [2][-]{subsection.3.5}{Private Bets}{section.3}% 21
\BOOKMARK [2][-]{subsection.3.6}{Medium of Exchange}{section.3}% 22
\BOOKMARK [2][-]{subsection.3.7}{Limitations}{section.3}% 23
\BOOKMARK [3][-]{subsubsection.3.7.1}{Block Times}{subsection.3.7}% 24
\BOOKMARK [3][-]{subsubsection.3.7.2}{In-Play Betting}{subsection.3.7}% 25
\BOOKMARK [3][-]{subsubsection.3.7.3}{Immutable Outcomes}{subsection.3.7}% 26
\BOOKMARK [3][-]{subsubsection.3.7.4}{Betting Markets}{subsection.3.7}% 27
\BOOKMARK [1][-]{section.4}{Architecture Overview}{}% 28
\BOOKMARK [2][-]{subsection.4.1}{Exchange Layer}{section.4}% 29
\BOOKMARK [3][-]{subsubsection.4.1.1}{Smart Contracts}{subsection.4.1}% 30
\BOOKMARK [3][-]{subsubsection.4.1.2}{Nodes}{subsection.4.1}% 31
\BOOKMARK [2][-]{subsection.4.2}{Service Layer}{section.4}% 32
\BOOKMARK [3][-]{subsubsection.4.2.1}{Front-end}{subsection.4.2}% 33
\BOOKMARK [3][-]{subsubsection.4.2.2}{Back-end}{subsection.4.2}% 34
\BOOKMARK [1][-]{section.5}{Blockchain Concepts}{}% 35
\BOOKMARK [2][-]{subsection.5.1}{Funds}{section.5}% 36
\BOOKMARK [2][-]{subsection.5.2}{Events}{section.5}% 37
\BOOKMARK [3][-]{subsubsection.5.2.1}{Event Structure}{subsection.5.2}% 38
\BOOKMARK [3][-]{subsubsection.5.2.2}{Event Creation}{subsection.5.2}% 39
\BOOKMARK [3][-]{subsubsection.5.2.3}{Updating Events}{subsection.5.2}% 40
\BOOKMARK [2][-]{subsection.5.3}{Bets}{section.5}% 41
\BOOKMARK [3][-]{subsubsection.5.3.1}{New Bet Structure}{subsection.5.3}% 42
\BOOKMARK [3][-]{subsubsection.5.3.2}{Validation}{subsection.5.3}% 43
\BOOKMARK [3][-]{subsubsection.5.3.3}{Cancellation}{subsection.5.3}% 44
\BOOKMARK [2][-]{subsection.5.4}{Matching}{section.5}% 45
\BOOKMARK [3][-]{subsubsection.5.4.1}{Matching Procedure}{subsection.5.4}% 46
\BOOKMARK [2][-]{subsection.5.5}{Distributing Winnings}{section.5}% 47
\BOOKMARK [3][-]{subsubsection.5.5.1}{Void Events}{subsection.5.5}% 48
\BOOKMARK [3][-]{subsubsection.5.5.2}{Oracle Reliance}{subsection.5.5}% 49
\BOOKMARK [2][-]{subsection.5.6}{Fee Distribution}{section.5}% 50
\BOOKMARK [3][-]{subsubsection.5.6.1}{Token Holders}{subsection.5.6}% 51
\BOOKMARK [3][-]{subsubsection.5.6.2}{Oracle Operators}{subsection.5.6}% 52
\BOOKMARK [1][-]{section.6}{Oracles}{}% 53
\BOOKMARK [2][-]{subsection.6.1}{Decentralization}{section.6}% 54
\BOOKMARK [3][-]{subsubsection.6.1.1}{Consensus}{subsection.6.1}% 55
\BOOKMARK [3][-]{subsubsection.6.1.2}{Data Sources}{subsection.6.1}% 56
\BOOKMARK [2][-]{subsection.6.2}{Operation}{section.6}% 57
\BOOKMARK [2][-]{subsection.6.3}{Oracle Rollout}{section.6}% 58
\BOOKMARK [3][-]{subsubsection.6.3.1}{Stage One}{subsection.6.3}% 59
\BOOKMARK [3][-]{subsubsection.6.3.2}{Stage Two}{subsection.6.3}% 60
\BOOKMARK [3][-]{subsubsection.6.3.3}{Stage Three}{subsection.6.3}% 61
\BOOKMARK [3][-]{subsubsection.6.3.4}{Stage Four}{subsection.6.3}% 62
\BOOKMARK [1][-]{section.7}{Company}{}% 63
\BOOKMARK [2][-]{subsection.7.1}{Roadmap}{section.7}% 64
\BOOKMARK [2][-]{subsection.7.2}{Legal Structure}{section.7}% 65
\BOOKMARK [2][-]{subsection.7.3}{Auditing}{section.7}% 66
\BOOKMARK [1][-]{section.8}{BSX Token}{}% 67
\BOOKMARK [2][-]{subsection.8.1}{Platform Fees}{section.8}% 68
\BOOKMARK [1][-]{section.9}{Token Sale}{}% 69
\BOOKMARK [2][-]{subsection.9.1}{KYC Requirements}{section.9}% 70
\BOOKMARK [2][-]{subsection.9.2}{Individual Investor Cap}{section.9}% 71
\BOOKMARK [2][-]{subsection.9.3}{BSX Token Distribution}{section.9}% 72
\BOOKMARK [2][-]{subsection.9.4}{Vesting}{section.9}% 73
\BOOKMARK [2][-]{subsection.9.5}{Fund Allocation}{section.9}% 74
